<?xml version="1.0" encoding="UTF-8"?>
<testsuite name="PasswordCheckerTest" tests="2" skipped="0" failures="0" errors="0" timestamp="2020-03-09T11:28:47" hostname="umuzi-admin" time="0.002">
  <properties/>
  <testcase name="passwordIsValid" classname="PasswordCheckerTest" time="0.001"/>
  <testcase name="passwordOK" classname="PasswordCheckerTest" time="0.0"/>
  <system-out><![CDATA[]]></system-out>
  <system-err><![CDATA[]]></system-err>
</testsuite>
